<?xml version="1.0" encoding="UTF-8"?>
<testng-results skipped="0" failed="0" ignored="0" total="1" passed="1">
  <reporter-output>
  </reporter-output>
  <suite name="Suite" duration-ms="76125" started-at="2023-11-17T14:06:27Z" finished-at="2023-11-17T14:07:44Z">
    <groups>
    </groups>
    <test name="Test" duration-ms="76125" started-at="2023-11-17T14:06:27Z" finished-at="2023-11-17T14:07:44Z">
      <class name="com.demoapp.testcases.TC_LoginTest">
        <test-method status="PASS" signature="loginTest()[pri:0, instance:com.demoapp.testcases.TC_LoginTest@16faea6]" name="loginTest" duration-ms="76085" started-at="2023-11-17T14:06:27Z" finished-at="2023-11-17T14:07:44Z">
          <reporter-output>
          </reporter-output>
        </test-method> <!-- loginTest -->
      </class> <!-- com.demoapp.testcases.TC_LoginTest -->
    </test> <!-- Test -->
  </suite> <!-- Suite -->
</testng-results>
